INFO [04-10|16:39:46.766] Maximum peer count                       ETH=50 total=50
INFO [04-10|16:39:46.775] Smartcard socket not found, disabling    err="stat /run/pcscd/pcscd.comm: no such file or directory"
INFO [04-10|16:39:46.779] Set global gas cap                       cap=50,000,000
INFO [04-10|16:39:46.779] Initializing the KZG library             backend=gokzg
INFO [04-10|16:39:46.907] Allocated trie memory caches             clean=154.00MiB dirty=256.00MiB
INFO [04-10|16:39:46.907] Using pebble as the backing database
INFO [04-10|16:39:46.907] Allocated cache and file handles         database=/root/eth_private_network/ethr_did/genesis/geth/chaindata cache=512.00MiB handles=524,288
INFO [04-10|16:39:46.920] Opened ancient database                  database=/root/eth_private_network/ethr_did/genesis/geth/chaindata/ancient/chain readonly=false
INFO [04-10|16:39:46.920] State scheme set to already existing     scheme=hash
INFO [04-10|16:39:46.920] Initialising Ethereum protocol           network=1343 dbversion=8
INFO [04-10|16:39:46.921] 
INFO [04-10|16:39:46.921] ---------------------------------------------------------------------------------------------------------------------------------------------------------
INFO [04-10|16:39:46.921] Chain ID:  1343 (unknown)
INFO [04-10|16:39:46.921] Consensus: Clique (proof-of-authority)
INFO [04-10|16:39:46.921] 
INFO [04-10|16:39:46.921] Pre-Merge hard forks (block based):
INFO [04-10|16:39:46.921]  - Homestead:                   #0        (https://github.com/ethereum/execution-specs/blob/master/network-upgrades/mainnet-upgrades/homestead.md)
INFO [04-10|16:39:46.921]  - Tangerine Whistle (EIP 150): #0        (https://github.com/ethereum/execution-specs/blob/master/network-upgrades/mainnet-upgrades/tangerine-whistle.md)
INFO [04-10|16:39:46.921]  - Spurious Dragon/1 (EIP 155): #0        (https://github.com/ethereum/execution-specs/blob/master/network-upgrades/mainnet-upgrades/spurious-dragon.md)
INFO [04-10|16:39:46.921]  - Spurious Dragon/2 (EIP 158): #0        (https://github.com/ethereum/execution-specs/blob/master/network-upgrades/mainnet-upgrades/spurious-dragon.md)
INFO [04-10|16:39:46.921]  - Byzantium:                   #0        (https://github.com/ethereum/execution-specs/blob/master/network-upgrades/mainnet-upgrades/byzantium.md)
INFO [04-10|16:39:46.921]  - Constantinople:              #0        (https://github.com/ethereum/execution-specs/blob/master/network-upgrades/mainnet-upgrades/constantinople.md)
INFO [04-10|16:39:46.921]  - Petersburg:                  #0        (https://github.com/ethereum/execution-specs/blob/master/network-upgrades/mainnet-upgrades/petersburg.md)
INFO [04-10|16:39:46.921]  - Istanbul:                    #<nil> (https://github.com/ethereum/execution-specs/blob/master/network-upgrades/mainnet-upgrades/istanbul.md)
INFO [04-10|16:39:46.921]  - Berlin:                      #<nil> (https://github.com/ethereum/execution-specs/blob/master/network-upgrades/mainnet-upgrades/berlin.md)
INFO [04-10|16:39:46.921]  - London:                      #<nil> (https://github.com/ethereum/execution-specs/blob/master/network-upgrades/mainnet-upgrades/london.md)
INFO [04-10|16:39:46.921] 
INFO [04-10|16:39:46.921] The Merge is not yet available for this network!
INFO [04-10|16:39:46.921]  - Hard-fork specification: https://github.com/ethereum/execution-specs/blob/master/network-upgrades/mainnet-upgrades/paris.md
INFO [04-10|16:39:46.921] 
INFO [04-10|16:39:46.921] Post-Merge hard forks (timestamp based):
INFO [04-10|16:39:46.921] 
INFO [04-10|16:39:46.921] ---------------------------------------------------------------------------------------------------------------------------------------------------------
INFO [04-10|16:39:46.921] 
INFO [04-10|16:39:46.921] Loaded most recent local block           number=1326 hash=194a02..377d61 td=2653 age=7m30s
INFO [04-10|16:39:46.957] Initialized transaction indexer          range="last 2350000 blocks"
INFO [04-10|16:39:46.958] Loaded local transaction journal         transactions=0 dropped=0
WARN [04-10|16:39:46.984] Switch sync mode from snap sync to full sync reason="snap sync complete"
INFO [04-10|16:39:46.984] Gasprice oracle is ignoring threshold set threshold=2
WARN [04-10|16:39:46.986] Unclean shutdown detected                booted=2025-04-10T16:31:49+0900 age=7m57s
WARN [04-10|16:39:46.986] Unclean shutdown detected                booted=2025-04-10T16:31:57+0900 age=7m49s
WARN [04-10|16:39:46.986] Unclean shutdown detected                booted=2025-04-10T16:32:35+0900 age=7m11s
WARN [04-10|16:39:46.986] Engine API enabled                       protocol=eth
WARN [04-10|16:39:46.986] Engine API started but chain not configured for merge yet
INFO [04-10|16:39:46.986] Starting peer-to-peer node               instance=Geth/v1.13.15-stable-c5ba367e/linux-amd64/go1.21.6
INFO [04-10|16:39:47.022] New local node record                    seq=1,744,263,657,417 id=74f5e9b7a468c48b ip=127.0.0.1 udp=30303 tcp=30303
INFO [04-10|16:39:47.024] IPC endpoint opened                      url=/root/eth_private_network/ethr_did/genesis/geth.ipc
INFO [04-10|16:39:47.024] Loaded JWT secret file                   path=/root/eth_private_network/ethr_did/genesis/geth/jwtsecret crc32=0xaf75f662
INFO [04-10|16:39:47.024] HTTP server started                      endpoint=0.0.0.0:8545 auth=false prefix= cors= vhosts=localhost
INFO [04-10|16:39:47.025] Started P2P networking                   self=enode://1171b0c704141aba20be37cae150c4e15cff38236baf276ef60a514eef1ee646dcd08cc3401485a8d0b22ec6e3299af7238df7ba13d05c30e1bc746877cc5773@127.0.0.1:30303
INFO [04-10|16:39:47.025] WebSocket enabled                        url=ws://127.0.0.1:8551
INFO [04-10|16:39:47.025] HTTP server started                      endpoint=127.0.0.1:8551 auth=true  prefix= cors=localhost vhosts=localhost
INFO [04-10|16:39:48.341] Unlocked account                         address=0xe3FaBefAEA7717A386243c57f74Af8BCCe4CA3fC
INFO [04-10|16:39:48.341] Legacy pool tip threshold updated        tip=0
INFO [04-10|16:39:48.341] Legacy pool tip threshold updated        tip=1,000,000,000
INFO [04-10|16:39:48.341] Commit new sealing work                  number=1327 sealhash=aaf491..02a1c2 txs=0 gas=0 fees=0 elapsed="140.997µs"
INFO [04-10|16:39:48.345] Successfully sealed new block            number=1327 sealhash=aaf491..02a1c2 hash=552446..d29e64 elapsed=3.481ms
INFO [04-10|16:39:48.345] Commit new sealing work                  number=1328 sealhash=019e06..5a0c1b txs=0 gas=0 fees=0 elapsed="315.383µs"
INFO [04-10|16:39:49.485] New local node record                    seq=1,744,263,657,418 id=74f5e9b7a468c48b ip=211.188.54.133 udp=30303 tcp=30303
INFO [04-10|16:39:53.003] Successfully sealed new block            number=1328 sealhash=019e06..5a0c1b hash=98df8a..fd7926 elapsed=4.657s
INFO [04-10|16:39:53.003] Commit new sealing work                  number=1329 sealhash=9ff5af..5fadf1 txs=0 gas=0 fees=0 elapsed="334.793µs"
INFO [04-10|16:39:58.004] Successfully sealed new block            number=1329 sealhash=9ff5af..5fadf1 hash=6a453e..a65d70 elapsed=5.000s
INFO [04-10|16:39:58.004] Commit new sealing work                  number=1330 sealhash=7e9a64..05e9d8 txs=0 gas=0 fees=0 elapsed="276.152µs"
INFO [04-10|16:40:03.010] Successfully sealed new block            number=1330 sealhash=7e9a64..05e9d8 hash=2b670b..c5cb0d elapsed=5.005s
INFO [04-10|16:40:03.010] Commit new sealing work                  number=1331 sealhash=e1b7fc..ed1949 txs=0 gas=0 fees=0 elapsed="224.939µs"
INFO [04-10|16:40:07.164] Looking for peers                        peercount=0 tried=55 static=0
INFO [04-10|16:40:08.005] Successfully sealed new block            number=1331 sealhash=e1b7fc..ed1949 hash=fb02e4..72d1aa elapsed=4.995s
INFO [04-10|16:40:08.006] Commit new sealing work                  number=1332 sealhash=55553e..1a5975 txs=0 gas=0 fees=0 elapsed="292.547µs"
INFO [04-10|16:40:13.002] Successfully sealed new block            number=1332 sealhash=55553e..1a5975 hash=8f50a0..eec4e3 elapsed=4.996s
INFO [04-10|16:40:13.003] Commit new sealing work                  number=1333 sealhash=4cb5b9..e51daa txs=0 gas=0 fees=0 elapsed="352.061µs"
INFO [04-10|16:40:17.331] Looking for peers                        peercount=0 tried=25 static=0
INFO [04-10|16:40:18.003] Successfully sealed new block            number=1333 sealhash=4cb5b9..e51daa hash=f340d4..2b49cc elapsed=5.000s
INFO [04-10|16:40:18.003] Commit new sealing work                  number=1334 sealhash=56f5bb..bb3b82 txs=0 gas=0 fees=0 elapsed="235.717µs"
INFO [04-10|16:40:23.003] Successfully sealed new block            number=1334 sealhash=56f5bb..bb3b82 hash=df95a4..70ca5f elapsed=4.999s
INFO [04-10|16:40:23.003] Commit new sealing work                  number=1335 sealhash=ad7a85..28cff2 txs=0 gas=0 fees=0 elapsed="261.508µs"
INFO [04-10|16:40:27.719] Looking for peers                        peercount=0 tried=24 static=0
INFO [04-10|16:40:28.003] Successfully sealed new block            number=1335 sealhash=ad7a85..28cff2 hash=60bb32..648da9 elapsed=4.999s
INFO [04-10|16:40:28.003] Commit new sealing work                  number=1336 sealhash=4c64de..639464 txs=0 gas=0 fees=0 elapsed="296.044µs"
INFO [04-10|16:40:33.003] Successfully sealed new block            number=1336 sealhash=4c64de..639464 hash=ebafb9..6b3abf elapsed=4.999s
INFO [04-10|16:40:33.003] Commit new sealing work                  number=1337 sealhash=e12c23..bfeb85 txs=0 gas=0 fees=0 elapsed="319.262µs"
INFO [04-10|16:40:38.004] Successfully sealed new block            number=1337 sealhash=e12c23..bfeb85 hash=1bbe01..c1b8c8 elapsed=5.000s
INFO [04-10|16:40:38.004] Commit new sealing work                  number=1338 sealhash=aea1c6..08c0de txs=0 gas=0 fees=0 elapsed="269.444µs"
INFO [04-10|16:40:38.051] Looking for peers                        peercount=0 tried=59 static=0
INFO [04-10|16:40:43.003] Successfully sealed new block            number=1338 sealhash=aea1c6..08c0de hash=4ece0a..729309 elapsed=4.998s
INFO [04-10|16:40:43.003] Commit new sealing work                  number=1339 sealhash=02c178..40b297 txs=0 gas=0 fees=0 elapsed="423.263µs"
INFO [04-10|16:40:48.003] Successfully sealed new block            number=1339 sealhash=02c178..40b297 hash=cbf707..dc521a elapsed=5.000s
INFO [04-10|16:40:48.003] Commit new sealing work                  number=1340 sealhash=6c31ee..dc88b8 txs=0 gas=0 fees=0 elapsed="284.533µs"
INFO [04-10|16:40:48.254] Looking for peers                        peercount=0 tried=42 static=0
INFO [04-10|16:40:53.003] Successfully sealed new block            number=1340 sealhash=6c31ee..dc88b8 hash=5071d0..be1287 elapsed=4.999s
INFO [04-10|16:40:53.003] Commit new sealing work                  number=1341 sealhash=be823f..0ee7bf txs=0 gas=0 fees=0 elapsed="246.919µs"
INFO [04-10|16:40:58.003] Successfully sealed new block            number=1341 sealhash=be823f..0ee7bf hash=f332ee..bffb3d elapsed=4.999s
INFO [04-10|16:40:58.003] Commit new sealing work                  number=1342 sealhash=a708aa..a63615 txs=0 gas=0 fees=0 elapsed="263.612µs"
INFO [04-10|16:41:00.515] Looking for peers                        peercount=0 tried=35 static=0
INFO [04-10|16:41:03.003] Successfully sealed new block            number=1342 sealhash=a708aa..a63615 hash=cab042..705ad5 elapsed=4.999s
INFO [04-10|16:41:03.004] Commit new sealing work                  number=1343 sealhash=e152cc..e90266 txs=0 gas=0 fees=0 elapsed="428.349µs"
INFO [04-10|16:41:08.004] Successfully sealed new block            number=1343 sealhash=e152cc..e90266 hash=d16fd0..cee093 elapsed=5.000s
INFO [04-10|16:41:08.004] Commit new sealing work                  number=1344 sealhash=2484e2..a8a490 txs=0 gas=0 fees=0 elapsed="366.366µs"
INFO [04-10|16:41:10.997] Looking for peers                        peercount=0 tried=57 static=0
INFO [04-10|16:41:13.003] Successfully sealed new block            number=1344 sealhash=2484e2..a8a490 hash=a1ebf2..17c6f0 elapsed=4.998s
INFO [04-10|16:41:13.004] Commit new sealing work                  number=1345 sealhash=8be009..18d5c2 txs=0 gas=0 fees=0 elapsed="352.067µs"
INFO [04-10|16:41:18.004] Successfully sealed new block            number=1345 sealhash=8be009..18d5c2 hash=d24314..e899c9 elapsed=4.999s
INFO [04-10|16:41:18.004] Commit new sealing work                  number=1346 sealhash=5ee523..af0acd txs=0 gas=0 fees=0 elapsed="306.509µs"
INFO [04-10|16:41:21.052] Looking for peers                        peercount=0 tried=17 static=0
INFO [04-10|16:41:23.003] Successfully sealed new block            number=1346 sealhash=5ee523..af0acd hash=476985..70658f elapsed=4.998s
INFO [04-10|16:41:23.003] Commit new sealing work                  number=1347 sealhash=9a3057..e4f90b txs=0 gas=0 fees=0 elapsed="270.413µs"
INFO [04-10|16:41:28.007] Successfully sealed new block            number=1347 sealhash=9a3057..e4f90b hash=4fc7db..e86945 elapsed=5.004s
INFO [04-10|16:41:28.007] Commit new sealing work                  number=1348 sealhash=c7bdfa..7182ef txs=0 gas=0 fees=0 elapsed="241.294µs"
INFO [04-10|16:41:31.252] Looking for peers                        peercount=0 tried=59 static=0
INFO [04-10|16:41:33.006] Successfully sealed new block            number=1348 sealhash=c7bdfa..7182ef hash=6b7b76..597de5 elapsed=4.998s
INFO [04-10|16:41:33.006] Commit new sealing work                  number=1349 sealhash=5497e2..57af43 txs=0 gas=0 fees=0 elapsed="232.05µs"
INFO [04-10|16:41:38.004] Successfully sealed new block            number=1349 sealhash=5497e2..57af43 hash=d79249..8e1795 elapsed=4.997s
INFO [04-10|16:41:38.004] Commit new sealing work                  number=1350 sealhash=d6cd49..1814f4 txs=0 gas=0 fees=0 elapsed="235.361µs"
INFO [04-10|16:41:42.181] Looking for peers                        peercount=0 tried=45 static=0
INFO [04-10|16:41:43.003] Successfully sealed new block            number=1350 sealhash=d6cd49..1814f4 hash=6b3695..778bfc elapsed=4.998s
INFO [04-10|16:41:43.003] Commit new sealing work                  number=1351 sealhash=e8d29f..cd78dc txs=0 gas=0 fees=0 elapsed="257.479µs"
INFO [04-10|16:41:48.005] Successfully sealed new block            number=1351 sealhash=e8d29f..cd78dc hash=5728b7..91a870 elapsed=5.002s
INFO [04-10|16:41:48.006] Commit new sealing work                  number=1352 sealhash=280bd5..6b273a txs=0 gas=0 fees=0 elapsed="373.961µs"
INFO [04-10|16:41:52.458] Looking for peers                        peercount=0 tried=42 static=0
INFO [04-10|16:41:53.005] Successfully sealed new block            number=1352 sealhash=280bd5..6b273a hash=f6353b..c6c6c2 elapsed=4.999s
INFO [04-10|16:41:53.005] Commit new sealing work                  number=1353 sealhash=5bde11..4c3ce9 txs=0 gas=0 fees=0 elapsed="274.957µs"
INFO [04-10|16:41:58.003] Successfully sealed new block            number=1353 sealhash=5bde11..4c3ce9 hash=e319ef..d36c31 elapsed=4.997s
INFO [04-10|16:41:58.004] Commit new sealing work                  number=1354 sealhash=aaa9ba..fcf5e6 txs=0 gas=0 fees=0 elapsed="233.881µs"
INFO [04-10|16:42:02.543] Looking for peers                        peercount=0 tried=29 static=0
INFO [04-10|16:42:03.004] Successfully sealed new block            number=1354 sealhash=aaa9ba..fcf5e6 hash=d60636..cba05d elapsed=5.000s
INFO [04-10|16:42:03.004] Commit new sealing work                  number=1355 sealhash=47d708..c338c8 txs=0 gas=0 fees=0 elapsed="300.464µs"
INFO [04-10|16:42:08.005] Successfully sealed new block            number=1355 sealhash=47d708..c338c8 hash=f66121..ca9e14 elapsed=5.000s
INFO [04-10|16:42:08.005] Commit new sealing work                  number=1356 sealhash=08619e..91ce1c txs=0 gas=0 fees=0 elapsed="391.131µs"
INFO [04-10|16:42:12.779] Looking for peers                        peercount=0 tried=64 static=0
INFO [04-10|16:42:13.004] Successfully sealed new block            number=1356 sealhash=08619e..91ce1c hash=fa8e62..32135a elapsed=4.998s
INFO [04-10|16:42:13.004] Commit new sealing work                  number=1357 sealhash=f0733a..d753bb txs=0 gas=0 fees=0 elapsed="291.862µs"
INFO [04-10|16:42:18.006] Successfully sealed new block            number=1357 sealhash=f0733a..d753bb hash=8fa5b7..bc2fbb elapsed=5.001s
INFO [04-10|16:42:18.006] Commit new sealing work                  number=1358 sealhash=6d8263..251dfb txs=0 gas=0 fees=0 elapsed="296.646µs"
INFO [04-10|16:42:22.882] Looking for peers                        peercount=0 tried=42 static=0
INFO [04-10|16:42:23.003] Successfully sealed new block            number=1358 sealhash=6d8263..251dfb hash=befde5..6ecb1d elapsed=4.996s
INFO [04-10|16:42:23.004] Commit new sealing work                  number=1359 sealhash=f29eba..8f13bf txs=0 gas=0 fees=0 elapsed="214.43µs"
INFO [04-10|16:42:28.004] Successfully sealed new block            number=1359 sealhash=f29eba..8f13bf hash=f3bcea..0c0e08 elapsed=5.000s
INFO [04-10|16:42:28.005] Commit new sealing work                  number=1360 sealhash=93a277..fbb020 txs=0 gas=0 fees=0 elapsed="323.401µs"
INFO [04-10|16:42:32.883] Looking for peers                        peercount=1 tried=40 static=0
INFO [04-10|16:42:33.002] Successfully sealed new block            number=1360 sealhash=93a277..fbb020 hash=392cd5..7009f8 elapsed=4.997s
INFO [04-10|16:42:33.003] Commit new sealing work                  number=1361 sealhash=da92a9..170ff8 txs=0 gas=0 fees=0 elapsed="234.24µs"
INFO [04-10|16:42:38.004] Successfully sealed new block            number=1361 sealhash=da92a9..170ff8 hash=3fa70c..25ea9e elapsed=5.001s
INFO [04-10|16:42:38.005] Commit new sealing work                  number=1362 sealhash=19a039..8f1ed1 txs=0 gas=0 fees=0 elapsed="213.705µs"
INFO [04-10|16:42:42.903] Looking for peers                        peercount=0 tried=75 static=0
INFO [04-10|16:42:43.004] Successfully sealed new block            number=1362 sealhash=19a039..8f1ed1 hash=5834d6..04dd1e elapsed=4.998s
INFO [04-10|16:42:43.004] Commit new sealing work                  number=1363 sealhash=a31886..1fa12b txs=0 gas=0 fees=0 elapsed="350.559µs"
INFO [04-10|16:42:48.002] Successfully sealed new block            number=1363 sealhash=a31886..1fa12b hash=97b961..1bdfa8 elapsed=4.998s
INFO [04-10|16:42:48.003] Commit new sealing work                  number=1364 sealhash=fce677..fbc501 txs=0 gas=0 fees=0 elapsed="278.422µs"
INFO [04-10|16:42:53.003] Successfully sealed new block            number=1364 sealhash=fce677..fbc501 hash=91e776..1cb260 elapsed=5.000s
INFO [04-10|16:42:53.004] Commit new sealing work                  number=1365 sealhash=6c9d5d..445506 txs=0 gas=0 fees=0 elapsed="261.305µs"
INFO [04-10|16:42:53.580] Looking for peers                        peercount=0 tried=77 static=0
INFO [04-10|16:42:58.004] Successfully sealed new block            number=1365 sealhash=6c9d5d..445506 hash=f28472..1b2f73 elapsed=4.999s
INFO [04-10|16:42:58.004] Commit new sealing work                  number=1366 sealhash=0b28d2..38149b txs=0 gas=0 fees=0 elapsed="239.985µs"
INFO [04-10|16:43:03.003] Successfully sealed new block            number=1366 sealhash=0b28d2..38149b hash=243f64..fa1b58 elapsed=4.999s
INFO [04-10|16:43:03.004] Commit new sealing work                  number=1367 sealhash=644888..8642b8 txs=0 gas=0 fees=0 elapsed="231.455µs"
INFO [04-10|16:43:03.706] Looking for peers                        peercount=0 tried=80 static=0
INFO [04-10|16:43:08.004] Successfully sealed new block            number=1367 sealhash=644888..8642b8 hash=a7d64c..29148a elapsed=5.000s
INFO [04-10|16:43:08.004] Commit new sealing work                  number=1368 sealhash=9f3280..f09282 txs=0 gas=0 fees=0 elapsed="233.258µs"
INFO [04-10|16:43:13.003] Successfully sealed new block            number=1368 sealhash=9f3280..f09282 hash=c42336..8f12b7 elapsed=4.998s
INFO [04-10|16:43:13.003] Commit new sealing work                  number=1369 sealhash=74c5ef..f395ce txs=0 gas=0 fees=0 elapsed="236.509µs"
INFO [04-10|16:43:13.837] Looking for peers                        peercount=0 tried=13 static=0
INFO [04-10|16:43:18.003] Successfully sealed new block            number=1369 sealhash=74c5ef..f395ce hash=76ba38..a6b04e elapsed=5.000s
INFO [04-10|16:43:18.004] Commit new sealing work                  number=1370 sealhash=f6a2d0..333ffb txs=0 gas=0 fees=0 elapsed="352.723µs"
INFO [04-10|16:43:23.003] Successfully sealed new block            number=1370 sealhash=f6a2d0..333ffb hash=73ae07..8f54e6 elapsed=4.999s
INFO [04-10|16:43:23.003] Commit new sealing work                  number=1371 sealhash=6639a1..1f9de8 txs=0 gas=0 fees=0 elapsed="268.806µs"
INFO [04-10|16:43:24.196] Looking for peers                        peercount=0 tried=59 static=0
INFO [04-10|16:43:28.004] Successfully sealed new block            number=1371 sealhash=6639a1..1f9de8 hash=228b6f..de26ae elapsed=5.000s
INFO [04-10|16:43:28.004] Commit new sealing work                  number=1372 sealhash=2c9abd..94c290 txs=0 gas=0 fees=0 elapsed="279.568µs"
INFO [04-10|16:43:33.002] Successfully sealed new block            number=1372 sealhash=2c9abd..94c290 hash=597c28..876bb9 elapsed=4.998s
INFO [04-10|16:43:33.003] Commit new sealing work                  number=1373 sealhash=b4b880..98189d txs=0 gas=0 fees=0 elapsed="291.389µs"
INFO [04-10|16:43:34.357] Looking for peers                        peercount=0 tried=37 static=0
INFO [04-10|16:43:38.003] Successfully sealed new block            number=1373 sealhash=b4b880..98189d hash=9b0234..4a0e94 elapsed=5.000s
INFO [04-10|16:43:38.003] Commit new sealing work                  number=1374 sealhash=6d0219..34ba49 txs=0 gas=0 fees=0 elapsed="353.31µs"
INFO [04-10|16:43:43.003] Successfully sealed new block            number=1374 sealhash=6d0219..34ba49 hash=eb536a..37259f elapsed=4.999s
INFO [04-10|16:43:43.003] Commit new sealing work                  number=1375 sealhash=ec0b65..e0cc15 txs=0 gas=0 fees=0 elapsed="390.115µs"
INFO [04-10|16:43:44.440] Looking for peers                        peercount=1 tried=61 static=0
INFO [04-10|16:43:48.003] Successfully sealed new block            number=1375 sealhash=ec0b65..e0cc15 hash=6d6d1c..2e0fdc elapsed=5.000s
INFO [04-10|16:43:48.004] Commit new sealing work                  number=1376 sealhash=b50227..901e6f txs=0 gas=0 fees=0 elapsed="282.164µs"
INFO [04-10|16:43:53.003] Successfully sealed new block            number=1376 sealhash=b50227..901e6f hash=36f64e..cd08ff elapsed=4.999s
INFO [04-10|16:43:53.004] Commit new sealing work                  number=1377 sealhash=4b607c..b80e59 txs=0 gas=0 fees=0 elapsed="311.901µs"
INFO [04-10|16:43:54.445] Looking for peers                        peercount=1 tried=73 static=0
INFO [04-10|16:43:58.002] Successfully sealed new block            number=1377 sealhash=4b607c..b80e59 hash=4a2332..d7cb07 elapsed=4.998s
INFO [04-10|16:43:58.003] Commit new sealing work                  number=1378 sealhash=bb4cef..ac922c txs=0 gas=0 fees=0 elapsed="255.345µs"
INFO [04-10|16:44:03.002] Successfully sealed new block            number=1378 sealhash=bb4cef..ac922c hash=556193..0135c1 elapsed=4.999s
INFO [04-10|16:44:03.003] Commit new sealing work                  number=1379 sealhash=49dd4c..e13130 txs=0 gas=0 fees=0 elapsed="286.094µs"
INFO [04-10|16:44:04.447] Looking for peers                        peercount=0 tried=96 static=0
INFO [04-10|16:44:08.004] Successfully sealed new block            number=1379 sealhash=49dd4c..e13130 hash=18fd6a..feff30 elapsed=5.001s
INFO [04-10|16:44:08.004] Commit new sealing work                  number=1380 sealhash=f9ed0c..93f03e txs=0 gas=0 fees=0 elapsed="349.312µs"
INFO [04-10|16:44:13.003] Successfully sealed new block            number=1380 sealhash=f9ed0c..93f03e hash=0c1f89..68916b elapsed=4.998s
INFO [04-10|16:44:13.003] Commit new sealing work                  number=1381 sealhash=f7a3ec..d020ff txs=0 gas=0 fees=0 elapsed="331.56µs"
INFO [04-10|16:44:14.465] Looking for peers                        peercount=0 tried=43 static=0
INFO [04-10|16:44:18.005] Successfully sealed new block            number=1381 sealhash=f7a3ec..d020ff hash=40fba7..7fb00f elapsed=5.001s
INFO [04-10|16:44:18.005] Commit new sealing work                  number=1382 sealhash=c543d5..9e8e23 txs=0 gas=0 fees=0 elapsed="300.467µs"
INFO [04-10|16:44:23.003] Successfully sealed new block            number=1382 sealhash=c543d5..9e8e23 hash=d346a5..0b9c7a elapsed=4.997s
INFO [04-10|16:44:23.003] Commit new sealing work                  number=1383 sealhash=c4b370..0f1f6f txs=0 gas=0 fees=0 elapsed="372.262µs"
INFO [04-10|16:44:24.523] Looking for peers                        peercount=0 tried=35 static=0
INFO [04-10|16:44:28.003] Successfully sealed new block            number=1383 sealhash=c4b370..0f1f6f hash=fea966..73e23d elapsed=4.999s
INFO [04-10|16:44:28.003] Commit new sealing work                  number=1384 sealhash=b512ac..46889d txs=0 gas=0 fees=0 elapsed="256.573µs"
INFO [04-10|16:44:33.003] Successfully sealed new block            number=1384 sealhash=b512ac..46889d hash=7fef29..d5f265 elapsed=4.999s
INFO [04-10|16:44:33.003] Commit new sealing work                  number=1385 sealhash=1d141a..a52529 txs=0 gas=0 fees=0 elapsed="389.26µs"
INFO [04-10|16:44:34.537] Looking for peers                        peercount=0 tried=43 static=0
INFO [04-10|16:44:38.003] Successfully sealed new block            number=1385 sealhash=1d141a..a52529 hash=ac4eb5..53fc62 elapsed=5.000s
INFO [04-10|16:44:38.004] Commit new sealing work                  number=1386 sealhash=e22c76..e7774c txs=0 gas=0 fees=0 elapsed="325.28µs"
INFO [04-10|16:44:43.003] Successfully sealed new block            number=1386 sealhash=e22c76..e7774c hash=f5bce2..6c33ea elapsed=4.998s
INFO [04-10|16:44:43.003] Commit new sealing work                  number=1387 sealhash=a010de..2e8a22 txs=0 gas=0 fees=0 elapsed="366.446µs"
INFO [04-10|16:44:44.545] Looking for peers                        peercount=1 tried=76 static=0
INFO [04-10|16:44:48.003] Successfully sealed new block            number=1387 sealhash=a010de..2e8a22 hash=9fe95b..4819fa elapsed=4.999s
INFO [04-10|16:44:48.003] Commit new sealing work                  number=1388 sealhash=154f52..c8d394 txs=0 gas=0 fees=0 elapsed="214.39µs"
INFO [04-10|16:44:53.003] Successfully sealed new block            number=1388 sealhash=154f52..c8d394 hash=5f9bbe..a01467 elapsed=5.000s
INFO [04-10|16:44:53.004] Commit new sealing work                  number=1389 sealhash=fdaa93..b2f318 txs=0 gas=0 fees=0 elapsed="288.338µs"
INFO [04-10|16:44:54.601] Looking for peers                        peercount=0 tried=60 static=0
INFO [04-10|16:44:58.003] Successfully sealed new block            number=1389 sealhash=fdaa93..b2f318 hash=fe6c60..5da173 elapsed=4.998s
INFO [04-10|16:44:58.003] Commit new sealing work                  number=1390 sealhash=f60b39..8ec2f8 txs=0 gas=0 fees=0 elapsed="239.053µs"
INFO [04-10|16:45:03.003] Successfully sealed new block            number=1390 sealhash=f60b39..8ec2f8 hash=f88bd1..202358 elapsed=5.000s
INFO [04-10|16:45:03.004] Commit new sealing work                  number=1391 sealhash=58d134..b1a09d txs=0 gas=0 fees=0 elapsed="334.276µs"
INFO [04-10|16:45:04.834] Looking for peers                        peercount=0 tried=67 static=0
INFO [04-10|16:45:08.004] Successfully sealed new block            number=1391 sealhash=58d134..b1a09d hash=e3820d..9cb5f2 elapsed=5.000s
INFO [04-10|16:45:08.004] Commit new sealing work                  number=1392 sealhash=7c1b9f..e2f170 txs=0 gas=0 fees=0 elapsed="294.102µs"
INFO [04-10|16:45:13.003] Successfully sealed new block            number=1392 sealhash=7c1b9f..e2f170 hash=933e92..f0aee1 elapsed=4.998s
INFO [04-10|16:45:13.003] Commit new sealing work                  number=1393 sealhash=58a62e..561c99 txs=0 gas=0 fees=0 elapsed="230.994µs"
INFO [04-10|16:45:14.966] Looking for peers                        peercount=0 tried=21 static=0
INFO [04-10|16:45:18.003] Successfully sealed new block            number=1393 sealhash=58a62e..561c99 hash=034cb3..18fa17 elapsed=4.999s
INFO [04-10|16:45:18.003] Commit new sealing work                  number=1394 sealhash=a7900f..adbaae txs=0 gas=0 fees=0 elapsed="325.881µs"
INFO [04-10|16:45:23.002] Successfully sealed new block            number=1394 sealhash=a7900f..adbaae hash=a2295e..3ad8a8 elapsed=4.999s
INFO [04-10|16:45:23.003] Commit new sealing work                  number=1395 sealhash=197778..9db6dd txs=0 gas=0 fees=0 elapsed="292.416µs"
INFO [04-10|16:45:25.152] Looking for peers                        peercount=0 tried=52 static=0
INFO [04-10|16:45:28.003] Successfully sealed new block            number=1395 sealhash=197778..9db6dd hash=a79fe3..df10c5 elapsed=5.000s
INFO [04-10|16:45:28.003] Commit new sealing work                  number=1396 sealhash=8030d3..261ad6 txs=0 gas=0 fees=0 elapsed="227.946µs"
INFO [04-10|16:45:33.003] Successfully sealed new block            number=1396 sealhash=8030d3..261ad6 hash=56472d..00142b elapsed=4.999s
INFO [04-10|16:45:33.003] Commit new sealing work                  number=1397 sealhash=b627a1..3efd4c txs=0 gas=0 fees=0 elapsed="246.964µs"
INFO [04-10|16:45:35.164] Looking for peers                        peercount=0 tried=40 static=0
INFO [04-10|16:45:38.003] Successfully sealed new block            number=1397 sealhash=b627a1..3efd4c hash=8e7e2f..4575a7 elapsed=4.999s
INFO [04-10|16:45:38.003] Commit new sealing work                  number=1398 sealhash=aa91ca..564212 txs=0 gas=0 fees=0 elapsed="262.794µs"
INFO [04-10|16:45:43.005] Successfully sealed new block            number=1398 sealhash=aa91ca..564212 hash=f2fc66..621dcf elapsed=5.001s
INFO [04-10|16:45:43.005] Commit new sealing work                  number=1399 sealhash=142775..e61d2a txs=0 gas=0 fees=0 elapsed="339.602µs"
INFO [04-10|16:45:45.320] Looking for peers                        peercount=0 tried=31 static=0
INFO [04-10|16:45:48.004] Successfully sealed new block            number=1399 sealhash=142775..e61d2a hash=b75379..e70958 elapsed=4.999s
INFO [04-10|16:45:48.005] Commit new sealing work                  number=1400 sealhash=d8c609..da3d5d txs=0 gas=0 fees=0 elapsed="403.595µs"
INFO [04-10|16:45:53.004] Successfully sealed new block            number=1400 sealhash=d8c609..da3d5d hash=5ff443..b81b77 elapsed=4.998s
INFO [04-10|16:45:53.004] Commit new sealing work                  number=1401 sealhash=91f3d0..9108a7 txs=0 gas=0 fees=0 elapsed="284.239µs"
INFO [04-10|16:45:55.492] Looking for peers                        peercount=0 tried=25 static=0
INFO [04-10|16:45:58.003] Successfully sealed new block            number=1401 sealhash=91f3d0..9108a7 hash=3ff2c5..6a1f90 elapsed=4.998s
INFO [04-10|16:45:58.003] Commit new sealing work                  number=1402 sealhash=5253e2..25ab35 txs=0 gas=0 fees=0 elapsed="347.085µs"
INFO [04-10|16:46:03.003] Successfully sealed new block            number=1402 sealhash=5253e2..25ab35 hash=c21409..e6d7cc elapsed=4.999s
INFO [04-10|16:46:03.003] Commit new sealing work                  number=1403 sealhash=b9d4f8..384399 txs=0 gas=0 fees=0 elapsed="363.936µs"
INFO [04-10|16:46:06.007] Looking for peers                        peercount=0 tried=74 static=0
INFO [04-10|16:46:08.004] Successfully sealed new block            number=1403 sealhash=b9d4f8..384399 hash=24754c..eb0478 elapsed=5.001s
INFO [04-10|16:46:08.005] Commit new sealing work                  number=1404 sealhash=d04232..50708b txs=0 gas=0 fees=0 elapsed="240.218µs"
INFO [04-10|16:46:13.003] Successfully sealed new block            number=1404 sealhash=d04232..50708b hash=d75ee2..e9226f elapsed=4.998s
INFO [04-10|16:46:13.003] Commit new sealing work                  number=1405 sealhash=252fae..24a542 txs=0 gas=0 fees=0 elapsed="220.024µs"
INFO [04-10|16:46:16.025] Looking for peers                        peercount=1 tried=62 static=0
INFO [04-10|16:46:18.003] Successfully sealed new block            number=1405 sealhash=252fae..24a542 hash=6ccd06..efb021 elapsed=4.999s
INFO [04-10|16:46:18.003] Commit new sealing work                  number=1406 sealhash=638406..ec9a6c txs=0 gas=0 fees=0 elapsed="264.996µs"
INFO [04-10|16:46:23.003] Successfully sealed new block            number=1406 sealhash=638406..ec9a6c hash=27aac0..457019 elapsed=5.000s
INFO [04-10|16:46:23.004] Commit new sealing work                  number=1407 sealhash=893cc5..3d1dfe txs=0 gas=0 fees=0 elapsed="286.151µs"
INFO [04-10|16:46:26.089] Looking for peers                        peercount=1 tried=55 static=0
INFO [04-10|16:46:28.003] Successfully sealed new block            number=1407 sealhash=893cc5..3d1dfe hash=bf0168..b83a81 elapsed=4.999s
INFO [04-10|16:46:28.003] Commit new sealing work                  number=1408 sealhash=6e2bd4..d6e9c1 txs=0 gas=0 fees=0 elapsed="217.616µs"
INFO [04-10|16:46:33.003] Successfully sealed new block            number=1408 sealhash=6e2bd4..d6e9c1 hash=01395f..b01c2c elapsed=4.999s
INFO [04-10|16:46:33.003] Commit new sealing work                  number=1409 sealhash=4440ee..99b78a txs=0 gas=0 fees=0 elapsed="373.514µs"
INFO [04-10|16:46:36.167] Looking for peers                        peercount=0 tried=46 static=0
INFO [04-10|16:46:38.003] Successfully sealed new block            number=1409 sealhash=4440ee..99b78a hash=09f19a..54507f elapsed=4.999s
INFO [04-10|16:46:38.004] Commit new sealing work                  number=1410 sealhash=dabdb7..70e471 txs=0 gas=0 fees=0 elapsed="370.046µs"
INFO [04-10|16:46:43.003] Successfully sealed new block            number=1410 sealhash=dabdb7..70e471 hash=5789ce..787a10 elapsed=4.998s
INFO [04-10|16:46:43.003] Commit new sealing work                  number=1411 sealhash=f7f00e..afe3bb txs=0 gas=0 fees=0 elapsed="422.192µs"
INFO [04-10|16:46:46.234] Looking for peers                        peercount=1 tried=41 static=0
INFO [04-10|16:46:48.003] Successfully sealed new block            number=1411 sealhash=f7f00e..afe3bb hash=cc5591..0c236e elapsed=4.999s
INFO [04-10|16:46:48.003] Commit new sealing work                  number=1412 sealhash=f7f276..d75ce6 txs=0 gas=0 fees=0 elapsed="254.225µs"
INFO [04-10|16:46:53.003] Successfully sealed new block            number=1412 sealhash=f7f276..d75ce6 hash=ea87a9..cfc648 elapsed=4.999s
INFO [04-10|16:46:53.003] Commit new sealing work                  number=1413 sealhash=aeb1fa..562410 txs=0 gas=0 fees=0 elapsed="260.551µs"
INFO [04-10|16:46:56.419] Looking for peers                        peercount=1 tried=65 static=0
INFO [04-10|16:46:58.003] Successfully sealed new block            number=1413 sealhash=aeb1fa..562410 hash=233e97..4f0f2a elapsed=4.999s
INFO [04-10|16:46:58.003] Commit new sealing work                  number=1414 sealhash=94d2b9..d36b1a txs=0 gas=0 fees=0 elapsed="231.133µs"
INFO [04-10|16:47:03.003] Successfully sealed new block            number=1414 sealhash=94d2b9..d36b1a hash=914cfe..74a4ed elapsed=4.999s
INFO [04-10|16:47:03.003] Commit new sealing work                  number=1415 sealhash=a3c138..ad6a8e txs=0 gas=0 fees=0 elapsed="225.525µs"
INFO [04-10|16:47:06.646] Looking for peers                        peercount=0 tried=62 static=0
INFO [04-10|16:47:08.004] Successfully sealed new block            number=1415 sealhash=a3c138..ad6a8e hash=0c5236..132012 elapsed=5.001s
INFO [04-10|16:47:08.005] Commit new sealing work                  number=1416 sealhash=ce0b62..9b463e txs=0 gas=0 fees=0 elapsed="229.819µs"
INFO [04-10|16:47:13.003] Successfully sealed new block            number=1416 sealhash=ce0b62..9b463e hash=7744d4..556bae elapsed=4.998s
INFO [04-10|16:47:13.003] Commit new sealing work                  number=1417 sealhash=a5f0f7..4f0cd8 txs=0 gas=0 fees=0 elapsed="301.603µs"
INFO [04-10|16:47:16.659] Looking for peers                        peercount=0 tried=23 static=0
INFO [04-10|16:47:18.003] Successfully sealed new block            number=1417 sealhash=a5f0f7..4f0cd8 hash=bbb917..6bda19 elapsed=5.000s
INFO [04-10|16:47:18.004] Commit new sealing work                  number=1418 sealhash=8afac2..6ab6ce txs=0 gas=0 fees=0 elapsed="230.134µs"
INFO [04-10|16:47:23.004] Successfully sealed new block            number=1418 sealhash=8afac2..6ab6ce hash=891757..aa255f elapsed=5.000s
INFO [04-10|16:47:23.004] Commit new sealing work                  number=1419 sealhash=0881b6..a5df9d txs=0 gas=0 fees=0 elapsed="245.143µs"
INFO [04-10|16:47:26.662] Looking for peers                        peercount=0 tried=81 static=0
INFO [04-10|16:47:28.003] Successfully sealed new block            number=1419 sealhash=0881b6..a5df9d hash=9de21a..907131 elapsed=4.998s
INFO [04-10|16:47:28.003] Commit new sealing work                  number=1420 sealhash=5cfd97..0d5264 txs=0 gas=0 fees=0 elapsed="226.221µs"
INFO [04-10|16:47:33.003] Successfully sealed new block            number=1420 sealhash=5cfd97..0d5264 hash=c6e1b8..9929fe elapsed=4.999s
INFO [04-10|16:47:33.003] Commit new sealing work                  number=1421 sealhash=f5414e..a493d2 txs=0 gas=0 fees=0 elapsed="279.354µs"
INFO [04-10|16:47:36.739] Looking for peers                        peercount=1 tried=41 static=0
INFO [04-10|16:47:38.002] Successfully sealed new block            number=1421 sealhash=f5414e..a493d2 hash=3492cf..33ffda elapsed=4.998s
INFO [04-10|16:47:38.003] Commit new sealing work                  number=1422 sealhash=c29fcb..7f8b8d txs=0 gas=0 fees=0 elapsed="362.16µs"
INFO [04-10|16:47:43.003] Successfully sealed new block            number=1422 sealhash=c29fcb..7f8b8d hash=27adf1..473909 elapsed=5.000s
INFO [04-10|16:47:43.003] Commit new sealing work                  number=1423 sealhash=a1fae2..0611e4 txs=0 gas=0 fees=0 elapsed="225.214µs"
INFO [04-10|16:47:46.778] Looking for peers                        peercount=0 tried=48 static=0
INFO [04-10|16:47:48.003] Successfully sealed new block            number=1423 sealhash=a1fae2..0611e4 hash=ea1d34..e8f96b elapsed=4.999s
INFO [04-10|16:47:48.004] Commit new sealing work                  number=1424 sealhash=fb2eb8..b058c3 txs=0 gas=0 fees=0 elapsed="302.04µs"
INFO [04-10|16:47:53.003] Successfully sealed new block            number=1424 sealhash=fb2eb8..b058c3 hash=f7b4a4..daa307 elapsed=4.998s
INFO [04-10|16:47:53.003] Commit new sealing work                  number=1425 sealhash=624178..ce25fe txs=0 gas=0 fees=0 elapsed="281.275µs"
INFO [04-10|16:47:56.787] Looking for peers                        peercount=1 tried=26 static=0
INFO [04-10|16:47:58.003] Successfully sealed new block            number=1425 sealhash=624178..ce25fe hash=557629..173d60 elapsed=4.999s
INFO [04-10|16:47:58.003] Commit new sealing work                  number=1426 sealhash=9c5cff..e379a0 txs=0 gas=0 fees=0 elapsed="267.726µs"
INFO [04-10|16:48:03.005] Successfully sealed new block            number=1426 sealhash=9c5cff..e379a0 hash=1c9ce3..1f5d3b elapsed=5.002s
INFO [04-10|16:48:03.006] Commit new sealing work                  number=1427 sealhash=d12b77..782098 txs=0 gas=0 fees=0 elapsed="279.768µs"
INFO [04-10|16:48:07.009] Looking for peers                        peercount=0 tried=73 static=0
INFO [04-10|16:48:08.005] Successfully sealed new block            number=1427 sealhash=d12b77..782098 hash=b5bbde..cef0c3 elapsed=4.999s
INFO [04-10|16:48:08.006] Commit new sealing work                  number=1428 sealhash=9101aa..f44e7e txs=0 gas=0 fees=0 elapsed="361.467µs"
INFO [04-10|16:48:13.002] Successfully sealed new block            number=1428 sealhash=9101aa..f44e7e hash=463d4d..65d88a elapsed=4.996s
INFO [04-10|16:48:13.003] Commit new sealing work                  number=1429 sealhash=b86cdb..7ee08f txs=0 gas=0 fees=0 elapsed="319.957µs"
INFO [04-10|16:48:17.148] Looking for peers                        peercount=0 tried=41 static=0
INFO [04-10|16:48:18.002] Successfully sealed new block            number=1429 sealhash=b86cdb..7ee08f hash=4edf1d..e9a7bd elapsed=4.999s
INFO [04-10|16:48:18.003] Commit new sealing work                  number=1430 sealhash=836cdd..e2cc2a txs=0 gas=0 fees=0 elapsed="303.705µs"
INFO [04-10|16:48:23.003] Successfully sealed new block            number=1430 sealhash=836cdd..e2cc2a hash=6102b6..0dba00 elapsed=4.999s
INFO [04-10|16:48:23.004] Commit new sealing work                  number=1431 sealhash=09d4e7..13d7c5 txs=0 gas=0 fees=0 elapsed="747.991µs"
INFO [04-10|16:48:27.397] Looking for peers                        peercount=0 tried=37 static=0
INFO [04-10|16:48:28.004] Successfully sealed new block            number=1431 sealhash=09d4e7..13d7c5 hash=c2ec62..04b7db elapsed=5.000s
INFO [04-10|16:48:28.005] Commit new sealing work                  number=1432 sealhash=99a949..ed0c71 txs=0 gas=0 fees=0 elapsed="238.178µs"
INFO [04-10|16:48:33.003] Successfully sealed new block            number=1432 sealhash=99a949..ed0c71 hash=125258..52ac86 elapsed=4.998s
INFO [04-10|16:48:33.003] Commit new sealing work                  number=1433 sealhash=a1cac1..419d68 txs=0 gas=0 fees=0 elapsed="314.951µs"
INFO [04-10|16:48:37.399] Looking for peers                        peercount=1 tried=65 static=0
INFO [04-10|16:48:38.003] Successfully sealed new block            number=1433 sealhash=a1cac1..419d68 hash=b6cdc1..e19da2 elapsed=4.999s
INFO [04-10|16:48:38.003] Commit new sealing work                  number=1434 sealhash=02f21e..095b94 txs=0 gas=0 fees=0 elapsed="221.346µs"
INFO [04-10|16:48:43.003] Successfully sealed new block            number=1434 sealhash=02f21e..095b94 hash=10d13e..5eb38f elapsed=4.999s
INFO [04-10|16:48:43.003] Commit new sealing work                  number=1435 sealhash=5f7535..711ef4 txs=0 gas=0 fees=0 elapsed="247.866µs"
INFO [04-10|16:48:47.488] Looking for peers                        peercount=1 tried=54 static=0
INFO [04-10|16:48:48.003] Successfully sealed new block            number=1435 sealhash=5f7535..711ef4 hash=6d92b8..8c9bcf elapsed=4.999s
INFO [04-10|16:48:48.003] Commit new sealing work                  number=1436 sealhash=ef00d9..a766a2 txs=0 gas=0 fees=0 elapsed="225.693µs"
INFO [04-10|16:48:53.003] Successfully sealed new block            number=1436 sealhash=ef00d9..a766a2 hash=90cc92..d94e19 elapsed=4.999s
INFO [04-10|16:48:53.003] Commit new sealing work                  number=1437 sealhash=1ee1cf..56bab6 txs=0 gas=0 fees=0 elapsed="290.674µs"
INFO [04-10|16:48:57.506] Looking for peers                        peercount=0 tried=37 static=0
INFO [04-10|16:48:58.002] Successfully sealed new block            number=1437 sealhash=1ee1cf..56bab6 hash=3101dc..0c29e4 elapsed=4.999s
INFO [04-10|16:48:58.003] Commit new sealing work                  number=1438 sealhash=7af37a..3917f0 txs=0 gas=0 fees=0 elapsed="319.233µs"
INFO [04-10|16:49:03.003] Successfully sealed new block            number=1438 sealhash=7af37a..3917f0 hash=f49138..7ffbe9 elapsed=5.000s
INFO [04-10|16:49:03.003] Commit new sealing work                  number=1439 sealhash=ffa93e..360cfe txs=0 gas=0 fees=0 elapsed="295.176µs"
INFO [04-10|16:49:07.576] Looking for peers                        peercount=0 tried=55 static=0
INFO [04-10|16:49:08.004] Successfully sealed new block            number=1439 sealhash=ffa93e..360cfe hash=4ac01c..dc0cae elapsed=5.000s
INFO [04-10|16:49:08.004] Commit new sealing work                  number=1440 sealhash=35f080..2613b0 txs=0 gas=0 fees=0 elapsed="231.29µs"
INFO [04-10|16:49:13.003] Successfully sealed new block            number=1440 sealhash=35f080..2613b0 hash=aa9df4..ea18af elapsed=4.998s
INFO [04-10|16:49:13.003] Commit new sealing work                  number=1441 sealhash=a09c05..d37ad4 txs=0 gas=0 fees=0 elapsed="314.123µs"
INFO [04-10|16:49:18.004] Successfully sealed new block            number=1441 sealhash=a09c05..d37ad4 hash=948812..a25f10 elapsed=5.000s
INFO [04-10|16:49:18.004] Commit new sealing work                  number=1442 sealhash=93f755..8df854 txs=0 gas=0 fees=0 elapsed="218.727µs"
INFO [04-10|16:49:18.044] Looking for peers                        peercount=0 tried=30 static=0
INFO [04-10|16:49:23.002] Successfully sealed new block            number=1442 sealhash=93f755..8df854 hash=165215..234c36 elapsed=4.997s
INFO [04-10|16:49:23.003] Commit new sealing work                  number=1443 sealhash=8caa93..92f5a0 txs=0 gas=0 fees=0 elapsed="303.559µs"
INFO [04-10|16:49:28.004] Successfully sealed new block            number=1443 sealhash=8caa93..92f5a0 hash=9a55ae..7544bb elapsed=5.001s
INFO [04-10|16:49:28.004] Commit new sealing work                  number=1444 sealhash=72216e..f3303d txs=0 gas=0 fees=0 elapsed="226.12µs"
INFO [04-10|16:49:28.193] Looking for peers                        peercount=0 tried=43 static=0
INFO [04-10|16:49:33.002] Successfully sealed new block            number=1444 sealhash=72216e..f3303d hash=c016e2..007695 elapsed=4.998s
INFO [04-10|16:49:33.003] Commit new sealing work                  number=1445 sealhash=592284..34bf7d txs=0 gas=0 fees=0 elapsed="253.511µs"
INFO [04-10|16:49:38.002] Successfully sealed new block            number=1445 sealhash=592284..34bf7d hash=027ff2..9a6abe elapsed=4.999s
INFO [04-10|16:49:38.003] Commit new sealing work                  number=1446 sealhash=f700d9..dc1bb3 txs=0 gas=0 fees=0 elapsed="297.027µs"
INFO [04-10|16:49:38.225] Looking for peers                        peercount=0 tried=33 static=0
INFO [04-10|16:49:43.003] Successfully sealed new block            number=1446 sealhash=f700d9..dc1bb3 hash=3bde29..380949 elapsed=5.000s
INFO [04-10|16:49:43.004] Commit new sealing work                  number=1447 sealhash=533508..337d6d txs=0 gas=0 fees=0 elapsed="680.106µs"
INFO [04-10|16:49:48.004] Successfully sealed new block            number=1447 sealhash=533508..337d6d hash=a4f275..9edead elapsed=4.999s
INFO [04-10|16:49:48.004] Commit new sealing work                  number=1448 sealhash=65b801..d80f69 txs=0 gas=0 fees=0 elapsed="237.811µs"
INFO [04-10|16:49:48.227] Looking for peers                        peercount=0 tried=66 static=0
INFO [04-10|16:49:53.002] Successfully sealed new block            number=1448 sealhash=65b801..d80f69 hash=841f54..4e314a elapsed=4.998s
INFO [04-10|16:49:53.003] Commit new sealing work                  number=1449 sealhash=d05cba..c740d9 txs=0 gas=0 fees=0 elapsed="278.78µs"
INFO [04-10|16:49:58.003] Successfully sealed new block            number=1449 sealhash=d05cba..c740d9 hash=bac628..3df04a elapsed=5.000s
INFO [04-10|16:49:58.003] Commit new sealing work                  number=1450 sealhash=468d57..1e1834 txs=0 gas=0 fees=0 elapsed="210.583µs"
INFO [04-10|16:49:58.342] Looking for peers                        peercount=0 tried=58 static=0
INFO [04-10|16:50:03.003] Successfully sealed new block            number=1450 sealhash=468d57..1e1834 hash=6aa8f2..6cbf2c elapsed=4.999s
INFO [04-10|16:50:03.003] Commit new sealing work                  number=1451 sealhash=f923f9..f2cfc1 txs=0 gas=0 fees=0 elapsed="280.913µs"
INFO [04-10|16:50:08.004] Successfully sealed new block            number=1451 sealhash=f923f9..f2cfc1 hash=c3b317..9a623c elapsed=5.000s
INFO [04-10|16:50:08.005] Commit new sealing work                  number=1452 sealhash=4f68cb..726f60 txs=0 gas=0 fees=0 elapsed="467.748µs"
INFO [04-10|16:50:08.416] Looking for peers                        peercount=0 tried=91 static=0
INFO [04-10|16:50:13.003] Successfully sealed new block            number=1452 sealhash=4f68cb..726f60 hash=126ae9..8af6b8 elapsed=4.998s
INFO [04-10|16:50:13.003] Commit new sealing work                  number=1453 sealhash=0e7e5c..ed009f txs=0 gas=0 fees=0 elapsed="215.125µs"
INFO [04-10|16:50:18.003] Successfully sealed new block            number=1453 sealhash=0e7e5c..ed009f hash=5fe0a3..ea8b67 elapsed=4.999s
INFO [04-10|16:50:18.003] Commit new sealing work                  number=1454 sealhash=809a4d..979e0d txs=0 gas=0 fees=0 elapsed="316.062µs"
INFO [04-10|16:50:18.755] Looking for peers                        peercount=0 tried=26 static=0
INFO [04-10|16:50:23.003] Successfully sealed new block            number=1454 sealhash=809a4d..979e0d hash=8857e3..37d07d elapsed=4.999s
INFO [04-10|16:50:23.003] Commit new sealing work                  number=1455 sealhash=39c83b..69e4fd txs=0 gas=0 fees=0 elapsed="303.316µs"
INFO [04-10|16:50:28.003] Successfully sealed new block            number=1455 sealhash=39c83b..69e4fd hash=fb7c41..7efcfd elapsed=5.000s
INFO [04-10|16:50:28.004] Commit new sealing work                  number=1456 sealhash=6f53fa..4545dd txs=0 gas=0 fees=0 elapsed="256.066µs"
INFO [04-10|16:50:28.981] Looking for peers                        peercount=1 tried=48 static=0
INFO [04-10|16:50:33.003] Successfully sealed new block            number=1456 sealhash=6f53fa..4545dd hash=f56914..2aa8e0 elapsed=4.999s
INFO [04-10|16:50:33.003] Commit new sealing work                  number=1457 sealhash=f6e2c7..732ddf txs=0 gas=0 fees=0 elapsed="364.625µs"
INFO [04-10|16:50:38.003] Successfully sealed new block            number=1457 sealhash=f6e2c7..732ddf hash=40f924..92d45a elapsed=4.999s
INFO [04-10|16:50:38.003] Commit new sealing work                  number=1458 sealhash=ee5c7c..3d39ff txs=0 gas=0 fees=0 elapsed="378.528µs"
INFO [04-10|16:50:39.062] Looking for peers                        peercount=0 tried=63 static=0
INFO [04-10|16:50:43.003] Commit new sealing work                  number=1459 sealhash=70d4cc..906d2e txs=0 gas=0 fees=0 elapsed="222.529µs"
INFO [04-10|16:50:43.004] Successfully sealed new block            number=1458 sealhash=ee5c7c..3d39ff hash=0f0d3d..7c0e39 elapsed=4.999s
INFO [04-10|16:50:48.003] Successfully sealed new block            number=1459 sealhash=70d4cc..906d2e hash=8563e8..3cd4a1 elapsed=4.999s
INFO [04-10|16:50:48.003] Commit new sealing work                  number=1460 sealhash=0e979a..931240 txs=0 gas=0 fees=0 elapsed="375.906µs"
INFO [04-10|16:50:49.076] Looking for peers                        peercount=0 tried=51 static=0
INFO [04-10|16:50:53.003] Successfully sealed new block            number=1460 sealhash=0e979a..931240 hash=d229c6..456a6b elapsed=4.999s
INFO [04-10|16:50:53.003] Commit new sealing work                  number=1461 sealhash=28339d..c25d2e txs=0 gas=0 fees=0 elapsed="268.657µs"
INFO [04-10|16:50:58.004] Successfully sealed new block            number=1461 sealhash=28339d..c25d2e hash=048146..c96de3 elapsed=5.000s
INFO [04-10|16:50:58.004] Commit new sealing work                  number=1462 sealhash=3354e5..e29fb5 txs=0 gas=0 fees=0 elapsed="235.991µs"
INFO [04-10|16:50:59.154] Looking for peers                        peercount=0 tried=52 static=0
INFO [04-10|16:51:03.003] Successfully sealed new block            number=1462 sealhash=3354e5..e29fb5 hash=6dd8eb..4c94e5 elapsed=4.998s
INFO [04-10|16:51:03.003] Commit new sealing work                  number=1463 sealhash=404219..3ac71b txs=0 gas=0 fees=0 elapsed="251.287µs"
INFO [04-10|16:51:08.006] Successfully sealed new block            number=1463 sealhash=404219..3ac71b hash=12e382..568586 elapsed=5.002s
INFO [04-10|16:51:08.006] Commit new sealing work                  number=1464 sealhash=3152f7..831a6e txs=0 gas=0 fees=0 elapsed="235.252µs"
INFO [04-10|16:51:09.186] Looking for peers                        peercount=0 tried=125 static=0
INFO [04-10|16:51:13.003] Successfully sealed new block            number=1464 sealhash=3152f7..831a6e hash=b2e785..170709 elapsed=4.996s
INFO [04-10|16:51:13.004] Commit new sealing work                  number=1465 sealhash=d30ec7..48f2be txs=0 gas=0 fees=0 elapsed="309.078µs"
INFO [04-10|16:51:18.003] Successfully sealed new block            number=1465 sealhash=d30ec7..48f2be hash=7ba185..b30815 elapsed=4.998s
INFO [04-10|16:51:18.003] Commit new sealing work                  number=1466 sealhash=86dc2f..5b919c txs=0 gas=0 fees=0 elapsed="380.363µs"
INFO [04-10|16:51:19.207] Looking for peers                        peercount=1 tried=29  static=0
INFO [04-10|16:51:23.003] Successfully sealed new block            number=1466 sealhash=86dc2f..5b919c hash=25e609..64fb4a elapsed=4.999s
INFO [04-10|16:51:23.003] Commit new sealing work                  number=1467 sealhash=d81c73..930804 txs=0 gas=0 fees=0 elapsed="262.268µs"
INFO [04-10|16:51:28.003] Successfully sealed new block            number=1467 sealhash=d81c73..930804 hash=375f1a..a2d41c elapsed=5.000s
INFO [04-10|16:51:28.004] Commit new sealing work                  number=1468 sealhash=252039..eeae3e txs=0 gas=0 fees=0 elapsed="212.269µs"
INFO [04-10|16:51:29.213] Looking for peers                        peercount=1 tried=85  static=0
INFO [04-10|16:51:33.003] Successfully sealed new block            number=1468 sealhash=252039..eeae3e hash=53f89e..0b46b3 elapsed=4.999s
INFO [04-10|16:51:33.004] Commit new sealing work                  number=1469 sealhash=b70fa8..4057e7 txs=0 gas=0 fees=0 elapsed="366.774µs"
INFO [04-10|16:51:38.003] Successfully sealed new block            number=1469 sealhash=b70fa8..4057e7 hash=b04414..db9cad elapsed=4.999s
INFO [04-10|16:51:38.003] Commit new sealing work                  number=1470 sealhash=b76475..06318a txs=0 gas=0 fees=0 elapsed="376.855µs"
INFO [04-10|16:51:39.256] Looking for peers                        peercount=0 tried=36  static=0
INFO [04-10|16:51:43.003] Successfully sealed new block            number=1470 sealhash=b76475..06318a hash=c78105..652c69 elapsed=4.999s
INFO [04-10|16:51:43.004] Commit new sealing work                  number=1471 sealhash=77d9de..ff4948 txs=0 gas=0 fees=0 elapsed="351.364µs"
INFO [04-10|16:51:48.003] Successfully sealed new block            number=1471 sealhash=77d9de..ff4948 hash=33d1ad..cccb6f elapsed=4.999s
INFO [04-10|16:51:48.003] Commit new sealing work                  number=1472 sealhash=fc8451..b69adf txs=0 gas=0 fees=0 elapsed="302.726µs"
INFO [04-10|16:51:49.943] Looking for peers                        peercount=0 tried=60  static=0
INFO [04-10|16:51:53.003] Successfully sealed new block            number=1472 sealhash=fc8451..b69adf hash=062d58..94476c elapsed=4.999s
INFO [04-10|16:51:53.003] Commit new sealing work                  number=1473 sealhash=6a7cbf..05d31d txs=0 gas=0 fees=0 elapsed="257.647µs"
INFO [04-10|16:51:58.003] Successfully sealed new block            number=1473 sealhash=6a7cbf..05d31d hash=1a135b..93e96b elapsed=5.000s
INFO [04-10|16:51:58.004] Commit new sealing work                  number=1474 sealhash=9679ee..1c4028 txs=0 gas=0 fees=0 elapsed="206.695µs"
INFO [04-10|16:52:00.091] Looking for peers                        peercount=0 tried=49  static=0
INFO [04-10|16:52:03.003] Successfully sealed new block            number=1474 sealhash=9679ee..1c4028 hash=eaff1e..9e1087 elapsed=4.999s
INFO [04-10|16:52:03.003] Commit new sealing work                  number=1475 sealhash=622ef8..262ad6 txs=0 gas=0 fees=0 elapsed="286.086µs"
INFO [04-10|16:52:08.003] Successfully sealed new block            number=1475 sealhash=622ef8..262ad6 hash=5121e4..f8b9af elapsed=4.999s
INFO [04-10|16:52:08.004] Commit new sealing work                  number=1476 sealhash=6a1f6b..958e2b txs=0 gas=0 fees=0 elapsed="410.188µs"
INFO [04-10|16:52:10.330] Looking for peers                        peercount=0 tried=66  static=0
INFO [04-10|16:52:13.003] Successfully sealed new block            number=1476 sealhash=6a1f6b..958e2b hash=d31562..beabf8 elapsed=4.999s
INFO [04-10|16:52:13.003] Commit new sealing work                  number=1477 sealhash=eb8a7a..8d2694 txs=0 gas=0 fees=0 elapsed="287.694µs"
INFO [04-10|16:52:18.003] Successfully sealed new block            number=1477 sealhash=eb8a7a..8d2694 hash=6029ad..a7c924 elapsed=4.999s
INFO [04-10|16:52:18.003] Commit new sealing work                  number=1478 sealhash=23ec33..6273cc txs=0 gas=0 fees=0 elapsed="238.456µs"
INFO [04-10|16:52:20.350] Looking for peers                        peercount=1 tried=68  static=0
INFO [04-10|16:52:23.002] Successfully sealed new block            number=1478 sealhash=23ec33..6273cc hash=67a37b..cf96ea elapsed=4.999s
INFO [04-10|16:52:23.003] Commit new sealing work                  number=1479 sealhash=5dc9de..fe3987 txs=0 gas=0 fees=0 elapsed="273.337µs"
INFO [04-10|16:52:28.003] Successfully sealed new block            number=1479 sealhash=5dc9de..fe3987 hash=7c8b73..0777be elapsed=5.000s
INFO [04-10|16:52:28.004] Commit new sealing work                  number=1480 sealhash=014c6a..f61a0b txs=0 gas=0 fees=0 elapsed="259.574µs"
INFO [04-10|16:52:30.491] Looking for peers                        peercount=0 tried=59  static=0
INFO [04-10|16:52:33.003] Successfully sealed new block            number=1480 sealhash=014c6a..f61a0b hash=f1ca1c..a1d736 elapsed=4.999s
INFO [04-10|16:52:33.004] Commit new sealing work                  number=1481 sealhash=16c41e..e8c936 txs=0 gas=0 fees=0 elapsed="239.179µs"
INFO [04-10|16:52:38.004] Successfully sealed new block            number=1481 sealhash=16c41e..e8c936 hash=86e6de..069b05 elapsed=5.000s
INFO [04-10|16:52:38.004] Commit new sealing work                  number=1482 sealhash=361fc9..12a06e txs=0 gas=0 fees=0 elapsed="231.218µs"
INFO [04-10|16:52:40.620] Looking for peers                        peercount=0 tried=53  static=0
INFO [04-10|16:52:43.003] Successfully sealed new block            number=1482 sealhash=361fc9..12a06e hash=8ba7e7..37c912 elapsed=4.998s
INFO [04-10|16:52:43.003] Commit new sealing work                  number=1483 sealhash=175d66..78afe9 txs=0 gas=0 fees=0 elapsed="226.403µs"
INFO [04-10|16:52:48.003] Successfully sealed new block            number=1483 sealhash=175d66..78afe9 hash=c8de51..892d8e elapsed=4.999s
INFO [04-10|16:52:48.004] Commit new sealing work                  number=1484 sealhash=eb26b0..0dc710 txs=0 gas=0 fees=0 elapsed="275.472µs"
INFO [04-10|16:52:50.629] Looking for peers                        peercount=0 tried=33  static=0
INFO [04-10|16:52:53.004] Successfully sealed new block            number=1484 sealhash=eb26b0..0dc710 hash=cfa21c..f522af elapsed=5.000s
INFO [04-10|16:52:53.005] Commit new sealing work                  number=1485 sealhash=d1a2c2..7cfaec txs=0 gas=0 fees=0 elapsed="266.579µs"
INFO [04-10|16:52:58.003] Successfully sealed new block            number=1485 sealhash=d1a2c2..7cfaec hash=c07a81..2721d4 elapsed=4.998s
INFO [04-10|16:52:58.003] Commit new sealing work                  number=1486 sealhash=4aa169..37fa3e txs=0 gas=0 fees=0 elapsed="221.425µs"
INFO [04-10|16:53:00.720] Looking for peers                        peercount=0 tried=53  static=0
INFO [04-10|16:53:03.002] Successfully sealed new block            number=1486 sealhash=4aa169..37fa3e hash=1cd7e0..43dcec elapsed=4.998s
INFO [04-10|16:53:03.003] Commit new sealing work                  number=1487 sealhash=e1a010..bd9184 txs=0 gas=0 fees=0 elapsed="264.44µs"
INFO [04-10|16:53:08.004] Successfully sealed new block            number=1487 sealhash=e1a010..bd9184 hash=ed8cc6..e324ea elapsed=5.001s
INFO [04-10|16:53:08.005] Commit new sealing work                  number=1488 sealhash=742887..edf6a6 txs=0 gas=0 fees=0 elapsed="224.211µs"
INFO [04-10|16:53:10.997] Looking for peers                        peercount=0 tried=39  static=0
INFO [04-10|16:53:13.003] Successfully sealed new block            number=1488 sealhash=742887..edf6a6 hash=c66748..ff4e26 elapsed=4.998s
INFO [04-10|16:53:13.003] Commit new sealing work                  number=1489 sealhash=498a9c..bf3ae9 txs=0 gas=0 fees=0 elapsed="290.178µs"
INFO [04-10|16:53:18.003] Successfully sealed new block            number=1489 sealhash=498a9c..bf3ae9 hash=b743c0..44f233 elapsed=4.999s
INFO [04-10|16:53:18.004] Commit new sealing work                  number=1490 sealhash=926f9e..cc816b txs=0 gas=0 fees=0 elapsed="333.042µs"
INFO [04-10|16:53:21.056] Looking for peers                        peercount=0 tried=49  static=0
INFO [04-10|16:53:23.003] Successfully sealed new block            number=1490 sealhash=926f9e..cc816b hash=306a48..37367c elapsed=4.999s
INFO [04-10|16:53:23.003] Commit new sealing work                  number=1491 sealhash=ba847e..c98656 txs=0 gas=0 fees=0 elapsed="264.053µs"
INFO [04-10|16:53:28.002] Successfully sealed new block            number=1491 sealhash=ba847e..c98656 hash=a67aba..8131ab elapsed=4.999s
INFO [04-10|16:53:28.003] Commit new sealing work                  number=1492 sealhash=255a1a..3d7d3c txs=0 gas=0 fees=0 elapsed="252.827µs"
INFO [04-10|16:53:31.160] Looking for peers                        peercount=0 tried=68  static=0
INFO [04-10|16:53:33.003] Successfully sealed new block            number=1492 sealhash=255a1a..3d7d3c hash=ae3736..9b7f58 elapsed=5.000s
INFO [04-10|16:53:33.003] Commit new sealing work                  number=1493 sealhash=f46be1..6bda8b txs=0 gas=0 fees=0 elapsed="345.036µs"
INFO [04-10|16:53:38.004] Successfully sealed new block            number=1493 sealhash=f46be1..6bda8b hash=8b7b49..b151dc elapsed=5.000s
INFO [04-10|16:53:38.004] Commit new sealing work                  number=1494 sealhash=757a12..786fd0 txs=0 gas=0 fees=0 elapsed="262.216µs"
INFO [04-10|16:53:41.183] Looking for peers                        peercount=0 tried=52  static=0
INFO [04-10|16:53:43.005] Successfully sealed new block            number=1494 sealhash=757a12..786fd0 hash=d138e4..c9a252 elapsed=5.000s
INFO [04-10|16:53:43.005] Commit new sealing work                  number=1495 sealhash=a7e736..0552c8 txs=0 gas=0 fees=0 elapsed="315.127µs"
INFO [04-10|16:53:48.003] Successfully sealed new block            number=1495 sealhash=a7e736..0552c8 hash=b1c109..40db3b elapsed=4.998s
INFO [04-10|16:53:48.004] Commit new sealing work                  number=1496 sealhash=705c7e..6e0cbd txs=0 gas=0 fees=0 elapsed="289.474µs"
INFO [04-10|16:53:51.278] Looking for peers                        peercount=0 tried=72  static=0
INFO [04-10|16:53:53.003] Successfully sealed new block            number=1496 sealhash=705c7e..6e0cbd hash=2831da..cc6745 elapsed=4.999s
INFO [04-10|16:53:53.003] Commit new sealing work                  number=1497 sealhash=ad5fc5..e79a4d txs=0 gas=0 fees=0 elapsed="244.269µs"
INFO [04-10|16:53:58.003] Successfully sealed new block            number=1497 sealhash=ad5fc5..e79a4d hash=059195..5a2150 elapsed=5.000s
INFO [04-10|16:53:58.004] Commit new sealing work                  number=1498 sealhash=7eb129..10aa99 txs=0 gas=0 fees=0 elapsed="220.048µs"
INFO [04-10|16:54:01.278] Looking for peers                        peercount=0 tried=41  static=0
INFO [04-10|16:54:03.003] Successfully sealed new block            number=1498 sealhash=7eb129..10aa99 hash=6c5136..808e7b elapsed=4.999s
INFO [04-10|16:54:03.003] Commit new sealing work                  number=1499 sealhash=410a01..298657 txs=0 gas=0 fees=0 elapsed="338.277µs"
INFO [04-10|16:54:08.004] Successfully sealed new block            number=1499 sealhash=410a01..298657 hash=9ff940..2fe3fd elapsed=5.000s
INFO [04-10|16:54:08.004] Commit new sealing work                  number=1500 sealhash=9a3776..033bab txs=0 gas=0 fees=0 elapsed="278.227µs"
INFO [04-10|16:54:12.399] Looking for peers                        peercount=0 tried=64  static=0
INFO [04-10|16:54:13.002] Successfully sealed new block            number=1500 sealhash=9a3776..033bab hash=fa6e64..60ad48 elapsed=4.998s
INFO [04-10|16:54:13.003] Commit new sealing work                  number=1501 sealhash=a5efb1..f558eb txs=0 gas=0 fees=0 elapsed="322.224µs"
INFO [04-10|16:54:18.005] Successfully sealed new block            number=1501 sealhash=a5efb1..f558eb hash=122f57..476f5a elapsed=5.001s
INFO [04-10|16:54:18.005] Commit new sealing work                  number=1502 sealhash=1ae9aa..02b3c4 txs=0 gas=0 fees=0 elapsed="229.454µs"
INFO [04-10|16:54:22.399] Looking for peers                        peercount=0 tried=56  static=0
INFO [04-10|16:54:23.003] Successfully sealed new block            number=1502 sealhash=1ae9aa..02b3c4 hash=10efd4..568c47 elapsed=4.998s
INFO [04-10|16:54:23.004] Commit new sealing work                  number=1503 sealhash=4810d8..6b7587 txs=0 gas=0 fees=0 elapsed="249.815µs"
INFO [04-10|16:54:28.003] Successfully sealed new block            number=1503 sealhash=4810d8..6b7587 hash=039826..cfbf1d elapsed=4.999s
INFO [04-10|16:54:28.003] Commit new sealing work                  number=1504 sealhash=1871eb..95f058 txs=0 gas=0 fees=0 elapsed="220.674µs"
INFO [04-10|16:54:32.511] Looking for peers                        peercount=1 tried=53  static=0
INFO [04-10|16:54:33.003] Successfully sealed new block            number=1504 sealhash=1871eb..95f058 hash=2b8292..877ca7 elapsed=4.999s
INFO [04-10|16:54:33.004] Commit new sealing work                  number=1505 sealhash=49e60c..fb9000 txs=0 gas=0 fees=0 elapsed="310.375µs"
INFO [04-10|16:54:38.004] Successfully sealed new block            number=1505 sealhash=49e60c..fb9000 hash=28ef9f..f0effa elapsed=5.000s
INFO [04-10|16:54:38.005] Commit new sealing work                  number=1506 sealhash=041736..a34e9d txs=0 gas=0 fees=0 elapsed="304.358µs"
INFO [04-10|16:54:42.544] Looking for peers                        peercount=0 tried=45  static=0
INFO [04-10|16:54:43.003] Successfully sealed new block            number=1506 sealhash=041736..a34e9d hash=df781c..454426 elapsed=4.998s
INFO [04-10|16:54:43.004] Commit new sealing work                  number=1507 sealhash=6ab770..8d5767 txs=0 gas=0 fees=0 elapsed="327.079µs"
INFO [04-10|16:54:48.003] Successfully sealed new block            number=1507 sealhash=6ab770..8d5767 hash=302a8c..277e17 elapsed=4.999s
INFO [04-10|16:54:48.004] Commit new sealing work                  number=1508 sealhash=9fd9c5..62e924 txs=0 gas=0 fees=0 elapsed="309.957µs"
INFO [04-10|16:54:52.709] Looking for peers                        peercount=0 tried=87  static=0
INFO [04-10|16:54:53.003] Successfully sealed new block            number=1508 sealhash=9fd9c5..62e924 hash=af9e8d..e08a5c elapsed=4.999s
INFO [04-10|16:54:53.003] Commit new sealing work                  number=1509 sealhash=ed1e85..75c5d1 txs=0 gas=0 fees=0 elapsed="237.745µs"
INFO [04-10|16:54:58.003] Successfully sealed new block            number=1509 sealhash=ed1e85..75c5d1 hash=3a8a89..dd47e1 elapsed=4.999s
INFO [04-10|16:54:58.004] Commit new sealing work                  number=1510 sealhash=2d8f2c..e40da9 txs=0 gas=0 fees=0 elapsed="234.091µs"
INFO [04-10|16:55:02.836] Looking for peers                        peercount=0 tried=30  static=0
INFO [04-10|16:55:03.003] Successfully sealed new block            number=1510 sealhash=2d8f2c..e40da9 hash=b9444b..6deffd elapsed=4.999s
INFO [04-10|16:55:03.004] Commit new sealing work                  number=1511 sealhash=16bfd2..f459b7 txs=0 gas=0 fees=0 elapsed="269.049µs"
INFO [04-10|16:55:08.003] Successfully sealed new block            number=1511 sealhash=16bfd2..f459b7 hash=8fe8a7..e131de elapsed=4.999s
INFO [04-10|16:55:08.003] Commit new sealing work                  number=1512 sealhash=7f465e..a40837 txs=0 gas=0 fees=0 elapsed="343.643µs"
INFO [04-10|16:55:13.004] Successfully sealed new block            number=1512 sealhash=7f465e..a40837 hash=d8c5fc..2f5190 elapsed=5.000s
INFO [04-10|16:55:13.005] Commit new sealing work                  number=1513 sealhash=cb9131..0af70f txs=0 gas=0 fees=0 elapsed="376.382µs"
INFO [04-10|16:55:13.038] Looking for peers                        peercount=0 tried=66  static=0
