INFO [04-10|16:32:35.648] Maximum peer count                       ETH=50 total=50
INFO [04-10|16:32:35.649] Smartcard socket not found, disabling    err="stat /run/pcscd/pcscd.comm: no such file or directory"
INFO [04-10|16:32:35.653] Set global gas cap                       cap=50,000,000
INFO [04-10|16:32:35.653] Initializing the KZG library             backend=gokzg
INFO [04-10|16:32:35.725] Allocated trie memory caches             clean=154.00MiB dirty=256.00MiB
INFO [04-10|16:32:35.725] Using pebble as the backing database
INFO [04-10|16:32:35.725] Allocated cache and file handles         database=/root/eth_private_network/ethr_did/genesis/geth/chaindata cache=512.00MiB handles=524,288
INFO [04-10|16:32:35.734] Opened ancient database                  database=/root/eth_private_network/ethr_did/genesis/geth/chaindata/ancient/chain readonly=false
INFO [04-10|16:32:35.734] State scheme set to already existing     scheme=hash
INFO [04-10|16:32:35.735] Initialising Ethereum protocol           network=1343 dbversion=8
INFO [04-10|16:32:35.735] 
INFO [04-10|16:32:35.735] ---------------------------------------------------------------------------------------------------------------------------------------------------------
INFO [04-10|16:32:35.735] Chain ID:  1343 (unknown)
INFO [04-10|16:32:35.735] Consensus: Clique (proof-of-authority)
INFO [04-10|16:32:35.735] 
INFO [04-10|16:32:35.735] Pre-Merge hard forks (block based):
INFO [04-10|16:32:35.735]  - Homestead:                   #0        (https://github.com/ethereum/execution-specs/blob/master/network-upgrades/mainnet-upgrades/homestead.md)
INFO [04-10|16:32:35.735]  - Tangerine Whistle (EIP 150): #0        (https://github.com/ethereum/execution-specs/blob/master/network-upgrades/mainnet-upgrades/tangerine-whistle.md)
INFO [04-10|16:32:35.735]  - Spurious Dragon/1 (EIP 155): #0        (https://github.com/ethereum/execution-specs/blob/master/network-upgrades/mainnet-upgrades/spurious-dragon.md)
INFO [04-10|16:32:35.735]  - Spurious Dragon/2 (EIP 158): #0        (https://github.com/ethereum/execution-specs/blob/master/network-upgrades/mainnet-upgrades/spurious-dragon.md)
INFO [04-10|16:32:35.735]  - Byzantium:                   #0        (https://github.com/ethereum/execution-specs/blob/master/network-upgrades/mainnet-upgrades/byzantium.md)
INFO [04-10|16:32:35.735]  - Constantinople:              #0        (https://github.com/ethereum/execution-specs/blob/master/network-upgrades/mainnet-upgrades/constantinople.md)
INFO [04-10|16:32:35.735]  - Petersburg:                  #0        (https://github.com/ethereum/execution-specs/blob/master/network-upgrades/mainnet-upgrades/petersburg.md)
INFO [04-10|16:32:35.735]  - Istanbul:                    #<nil> (https://github.com/ethereum/execution-specs/blob/master/network-upgrades/mainnet-upgrades/istanbul.md)
INFO [04-10|16:32:35.735]  - Berlin:                      #<nil> (https://github.com/ethereum/execution-specs/blob/master/network-upgrades/mainnet-upgrades/berlin.md)
INFO [04-10|16:32:35.735]  - London:                      #<nil> (https://github.com/ethereum/execution-specs/blob/master/network-upgrades/mainnet-upgrades/london.md)
INFO [04-10|16:32:35.735] 
INFO [04-10|16:32:35.735] The Merge is not yet available for this network!
INFO [04-10|16:32:35.735]  - Hard-fork specification: https://github.com/ethereum/execution-specs/blob/master/network-upgrades/mainnet-upgrades/paris.md
INFO [04-10|16:32:35.735] 
INFO [04-10|16:32:35.735] Post-Merge hard forks (timestamp based):
INFO [04-10|16:32:35.735] 
INFO [04-10|16:32:35.735] ---------------------------------------------------------------------------------------------------------------------------------------------------------
INFO [04-10|16:32:35.735] 
INFO [04-10|16:32:35.736] Loaded most recent local block           number=1326 hash=194a02..377d61 td=2653 age=19s
INFO [04-10|16:32:35.773] Initialized transaction indexer          range="last 2350000 blocks"
INFO [04-10|16:32:35.773] Loaded local transaction journal         transactions=0 dropped=0
WARN [04-10|16:32:35.789] Switch sync mode from snap sync to full sync reason="snap sync complete"
INFO [04-10|16:32:35.790] Gasprice oracle is ignoring threshold set threshold=2
WARN [04-10|16:32:35.791] Unclean shutdown detected                booted=2025-04-10T16:31:49+0900 age=46s
WARN [04-10|16:32:35.791] Unclean shutdown detected                booted=2025-04-10T16:31:57+0900 age=38s
WARN [04-10|16:32:35.792] Engine API enabled                       protocol=eth
WARN [04-10|16:32:35.792] Engine API started but chain not configured for merge yet
INFO [04-10|16:32:35.792] Starting peer-to-peer node               instance=Geth/v1.13.15-stable-c5ba367e/linux-amd64/go1.21.6
INFO [04-10|16:32:35.810] New local node record                    seq=1,744,263,657,416 id=74f5e9b7a468c48b ip=127.0.0.1 udp=30303 tcp=30303
INFO [04-10|16:32:35.811] IPC endpoint opened                      url=/root/eth_private_network/ethr_did/genesis/geth.ipc
INFO [04-10|16:32:35.811] Loaded JWT secret file                   path=/root/eth_private_network/ethr_did/genesis/geth/jwtsecret crc32=0xaf75f662
INFO [04-10|16:32:35.812] HTTP server started                      endpoint=0.0.0.0:8545 auth=false prefix= cors= vhosts=localhost
INFO [04-10|16:32:35.812] Started P2P networking                   self=enode://1171b0c704141aba20be37cae150c4e15cff38236baf276ef60a514eef1ee646dcd08cc3401485a8d0b22ec6e3299af7238df7ba13d05c30e1bc746877cc5773@127.0.0.1:30303
INFO [04-10|16:32:35.813] WebSocket enabled                        url=ws://127.0.0.1:8551
INFO [04-10|16:32:35.813] HTTP server started                      endpoint=127.0.0.1:8551 auth=true  prefix= cors=localhost vhosts=localhost
Unlocking account 0xe3fabefaea7717a386243c57f74af8bcce4ca3fc | Attempt 1/3
!! Unsupported terminal, password will be echoed.
Password: 
Fatal: Failed to read password: read /dev/stdin: bad file descriptor
